Command line:
   immidiate_mux_extend_isim_beh.exe
     -simmode  gui
     -simrunnum  0
     -socket  54771

Mon Nov 21 19:41:52 2016


 Elaboration Time: 0.0156 sec

 Current Memory Usage: 501.359 Meg

 Total Signals          : 4
 Total Nets             : 31
 Total Signal Drivers   : 1
 Total Blocks           : 4
 Total Primitive Blocks : 4
 Total Processes        : 1
 Total Traceable Variables  : 10
 Total Scalar Nets and Variables : 409
Total Line Count : 42

 Total Simulation Time: 0.0312 sec

 Current Memory Usage: 501.359 Meg

Mon Nov 21 19:42:04 2016

