Release 13.3 - xst O.76xd (nt64)
Copyright (c) 1995-2011 Xilinx, Inc.  All rights reserved.
--> Parameter TMPDIR set to xst/projnav.tmp


Total REAL time to Xst completion: 0.00 secs
Total CPU time to Xst completion: 0.09 secs
 
--> Parameter xsthdpdir set to xst


Total REAL time to Xst completion: 0.00 secs
Total CPU time to Xst completion: 0.09 secs
 
--> Reading design: CPU.prj

TABLE OF CONTENTS
  1) Synthesis Options Summary
  2) HDL Compilation
  3) Design Hierarchy Analysis
  4) HDL Analysis
  5) HDL Synthesis
     5.1) HDL Synthesis Report
  6) Advanced HDL Synthesis
     6.1) Advanced HDL Synthesis Report
  7) Low Level Synthesis
  8) Partition Report
  9) Final Report
	9.1) Device utilization summary
	9.2) Partition Resource Summary
	9.3) TIMING REPORT


=========================================================================
*                      Synthesis Options Summary                        *
=========================================================================
---- Source Parameters
Input File Name                    : "CPU.prj"
Input Format                       : mixed
Ignore Synthesis Constraint File   : NO

---- Target Parameters
Output File Name                   : "CPU"
Output Format                      : NGC
Target Device                      : xc3s1200e-4-fg320

---- Source Options
Top Module Name                    : CPU
Automatic FSM Extraction           : YES
FSM Encoding Algorithm             : Auto
Safe Implementation                : No
FSM Style                          : LUT
RAM Extraction                     : Yes
RAM Style                          : Auto
ROM Extraction                     : Yes
Mux Style                          : Auto
Decoder Extraction                 : YES
Priority Encoder Extraction        : Yes
Shift Register Extraction          : YES
Logical Shifter Extraction         : YES
XOR Collapsing                     : YES
ROM Style                          : Auto
Mux Extraction                     : Yes
Resource Sharing                   : YES
Asynchronous To Synchronous        : NO
Multiplier Style                   : Auto
Automatic Register Balancing       : No

---- Target Options
Add IO Buffers                     : YES
Global Maximum Fanout              : 500
Add Generic Clock Buffer(BUFG)     : 24
Register Duplication               : YES
Slice Packing                      : YES
Optimize Instantiated Primitives   : NO
Use Clock Enable                   : Yes
Use Synchronous Set                : Yes
Use Synchronous Reset              : Yes
Pack IO Registers into IOBs        : Auto
Equivalent register Removal        : YES

---- General Options
Optimization Goal                  : Speed
Optimization Effort                : 1
Keep Hierarchy                     : No
Netlist Hierarchy                  : As_Optimized
RTL Output                         : Yes
Global Optimization                : AllClockNets
Read Cores                         : YES
Write Timing Constraints           : NO
Cross Clock Analysis               : NO
Hierarchy Separator                : /
Bus Delimiter                      : <>
Case Specifier                     : Maintain
Slice Utilization Ratio            : 100
BRAM Utilization Ratio             : 100
Verilog 2001                       : YES
Auto BRAM Packing                  : NO
Slice Utilization Ratio Delta      : 5

=========================================================================


=========================================================================
*                          HDL Compilation                              *
=========================================================================
Compiling vhdl file "E:/pipeline-cpu/CPU/PC/PC.vhd" in Library work.
Architecture behavioral of Entity pc is up to date.
Compiling vhdl file "E:/pipeline-cpu/CPU/PC/PC_ALU.vhd" in Library work.
Architecture behavioral of Entity pc_alu is up to date.
Compiling vhdl file "E:/pipeline-cpu/CPU/PC/PC_EX_MUX.vhd" in Library work.
Architecture behavioral of Entity pc_ex_mux is up to date.
Compiling vhdl file "E:/pipeline-cpu/CPU/PC/Addr_MUX.vhd" in Library work.
Architecture behavioral of Entity addr_mux is up to date.
Compiling vhdl file "E:/pipeline-cpu/CPU/PC/Memory.vhd" in Library work.
Architecture behavioral of Entity memory is up to date.
Compiling vhdl file "E:/pipeline-cpu/CPU/PC/parseCtrl.vhd" in Library work.
Architecture behavioral of Entity parsectrl is up to date.
Compiling vhdl file "E:/pipeline-cpu/CPU/PC/Rxyz_MUX.vhd" in Library work.
Architecture behavioral of Entity rxyz_mux is up to date.
Compiling vhdl file "E:/pipeline-cpu/CPU/PC/immidiate_mux_extend.vhd" in Library work.
Architecture behavioral of Entity immidiate_mux_extend is up to date.
Compiling vhdl file "E:/pipeline-cpu/CPU/PC/Main_Reg.vhd" in Library work.
Entity <main_reg> compiled.
Entity <main_reg> (Architecture <behavioral>) compiled.
Compiling vhdl file "E:/pipeline-cpu/CPU/PC/CPU.vhd" in Library work.
Architecture behavioral of Entity cpu is up to date.

=========================================================================
*                     Design Hierarchy Analysis                         *
=========================================================================
Analyzing hierarchy for entity <CPU> in library <work> (architecture <behavioral>).

Analyzing hierarchy for entity <PC> in library <work> (architecture <behavioral>).

Analyzing hierarchy for entity <PC_ALU> in library <work> (architecture <behavioral>).

Analyzing hierarchy for entity <PC_EX_MUX> in library <work> (architecture <behavioral>).

Analyzing hierarchy for entity <Addr_MUX> in library <work> (architecture <behavioral>).

Analyzing hierarchy for entity <Memory> in library <work> (architecture <behavioral>).

Analyzing hierarchy for entity <parseCtrl> in library <work> (architecture <behavioral>).

Analyzing hierarchy for entity <Rxyz_MUX> in library <work> (architecture <behavioral>).

Analyzing hierarchy for entity <immidiate_mux_extend> in library <work> (architecture <behavioral>).

Analyzing hierarchy for entity <Main_Reg> in library <work> (architecture <behavioral>).


=========================================================================
*                            HDL Analysis                               *
=========================================================================
Analyzing Entity <CPU> in library <work> (Architecture <behavioral>).
Entity <CPU> analyzed. Unit <CPU> generated.

Analyzing Entity <PC> in library <work> (Architecture <behavioral>).
Entity <PC> analyzed. Unit <PC> generated.

Analyzing Entity <PC_ALU> in library <work> (Architecture <behavioral>).
Entity <PC_ALU> analyzed. Unit <PC_ALU> generated.

Analyzing Entity <PC_EX_MUX> in library <work> (Architecture <behavioral>).
Entity <PC_EX_MUX> analyzed. Unit <PC_EX_MUX> generated.

Analyzing Entity <Addr_MUX> in library <work> (Architecture <behavioral>).
Entity <Addr_MUX> analyzed. Unit <Addr_MUX> generated.

Analyzing Entity <Memory> in library <work> (Architecture <behavioral>).
INFO:Xst:2679 - Register <RegAddr$mux0000> in unit <Memory> has a constant value of 0000000000000000 during circuit operation. The register is replaced by logic.
INFO:Xst:2679 - Register <RegMEM_Ry$mux0000> in unit <Memory> has a constant value of 0000000000000000 during circuit operation. The register is replaced by logic.
Entity <Memory> analyzed. Unit <Memory> generated.

Analyzing Entity <parseCtrl> in library <work> (Architecture <behavioral>).
Entity <parseCtrl> analyzed. Unit <parseCtrl> generated.

Analyzing Entity <Rxyz_MUX> in library <work> (Architecture <behavioral>).
Entity <Rxyz_MUX> analyzed. Unit <Rxyz_MUX> generated.

Analyzing Entity <immidiate_mux_extend> in library <work> (Architecture <behavioral>).
Entity <immidiate_mux_extend> analyzed. Unit <immidiate_mux_extend> generated.

Analyzing Entity <Main_Reg> in library <work> (Architecture <behavioral>).
WARNING:Xst:819 - "E:/pipeline-cpu/CPU/PC/Main_Reg.vhd" line 66: One or more signals are missing in the process sensitivity list. To enable synthesis of FPGA/CPLD hardware, XST will assume that all necessary signals are present in the sensitivity list. Please note that the result of the synthesis may differ from the initial design specification. The missing signals are:
   <Control_imm_ry>
Entity <Main_Reg> analyzed. Unit <Main_Reg> generated.


=========================================================================
*                           HDL Synthesis                               *
=========================================================================

Performing bidirectional port resolution...

Synthesizing Unit <PC>.
    Related source file is "E:/pipeline-cpu/CPU/PC/PC.vhd".
    Found 16-bit register for signal <var_PC>.
    Summary:
	inferred  16 D-type flip-flop(s).
Unit <PC> synthesized.


Synthesizing Unit <PC_ALU>.
    Related source file is "E:/pipeline-cpu/CPU/PC/PC_ALU.vhd".
    Found 16-bit adder for signal <PC_4>.
    Summary:
	inferred   1 Adder/Subtractor(s).
Unit <PC_ALU> synthesized.


Synthesizing Unit <PC_EX_MUX>.
    Related source file is "E:/pipeline-cpu/CPU/PC/PC_EX_MUX.vhd".
Unit <PC_EX_MUX> synthesized.


Synthesizing Unit <Addr_MUX>.
    Related source file is "E:/pipeline-cpu/CPU/PC/Addr_MUX.vhd".
Unit <Addr_MUX> synthesized.


Synthesizing Unit <Memory>.
    Related source file is "E:/pipeline-cpu/CPU/PC/Memory.vhd".
WARNING:Xst:647 - Input <clk> is never used. This port will be preserved and left unconnected if it belongs to a top-level block or it belongs to a sub-block and the hierarchy of this sub-block is preserved.
WARNING:Xst:647 - Input <Addr> is never used. This port will be preserved and left unconnected if it belongs to a top-level block or it belongs to a sub-block and the hierarchy of this sub-block is preserved.
WARNING:Xst:647 - Input <instruction> is never used. This port will be preserved and left unconnected if it belongs to a top-level block or it belongs to a sub-block and the hierarchy of this sub-block is preserved.
WARNING:Xst:647 - Input <MEM_Ry> is never used. This port will be preserved and left unconnected if it belongs to a top-level block or it belongs to a sub-block and the hierarchy of this sub-block is preserved.
WARNING:Xst:647 - Input <Data> is never used. This port will be preserved and left unconnected if it belongs to a top-level block or it belongs to a sub-block and the hierarchy of this sub-block is preserved.
WARNING:Xst:646 - Signal <RegMEM_Ry> is assigned but never used. This unconnected signal will be trimmed during the optimization process.
WARNING:Xst:646 - Signal <RegAddr> is assigned but never used. This unconnected signal will be trimmed during the optimization process.
WARNING:Xst:737 - Found 16-bit latch for signal <RegData>. Latches may be generated from incomplete case or if statements. We do not recommend the use of latches in FPGA/CPLD designs, as they may lead to timing problems.
Unit <Memory> synthesized.


Synthesizing Unit <parseCtrl>.
    Related source file is "E:/pipeline-cpu/CPU/PC/parseCtrl.vhd".
WARNING:Xst:647 - Input <PC> is never used. This port will be preserved and left unconnected if it belongs to a top-level block or it belongs to a sub-block and the hierarchy of this sub-block is preserved.
    Register <Ctrl_op1> equivalent to <Ctrl_b> has been removed
    Register <out_Rx2> equivalent to <out_Rx1> has been removed
    Register <out_Ry2> equivalent to <out_Ry1> has been removed
    Found 2-bit register for signal <Ctrl_addr>.
    Found 1-bit register for signal <Ctrl_DRRE>.
    Found 1-bit register for signal <Ctrl_xy>.
    Found 3-bit register for signal <Ctrl_immidiate>.
    Found 1-bit register for signal <Ctrl_extend>.
    Found 1-bit register for signal <Ctrl_Jump>.
    Found 11-bit register for signal <out_imm>.
    Found 1-bit register for signal <Ctrl_imm_ry>.
    Found 1-bit register for signal <Ctrl_PCMEM>.
    Found 1-bit register for signal <Ctrl_op2>.
    Found 1-bit register for signal <Ctrl_judge>.
    Found 1-bit register for signal <Ctrl_b>.
    Found 2-bit register for signal <Ctrl_IH>.
    Found 2-bit register for signal <Ctrl_r>.
    Found 3-bit register for signal <out_Rz>.
    Found 3-bit register for signal <out_Rx1>.
    Found 3-bit register for signal <out_Ry1>.
    Found 4-bit register for signal <Ctrl_op>.
    Found 2-bit register for signal <Ctrl_SP>.
    Found 16-bit register for signal <out_instruction>.
    Found 1-bit register for signal <Ctrl_WB>.
    Found 2-bit 4-to-1 multiplexer for signal <Ctrl_addr$mux0001> created at line 196.
    Found 2-bit 4-to-1 multiplexer for signal <Ctrl_addr$mux0002> created at line 345.
    Found 1-bit 4-to-1 multiplexer for signal <Ctrl_b$mux0001> created at line 196.
    Found 1-bit 4-to-1 multiplexer for signal <Ctrl_b$mux0002> created at line 345.
    Found 1-bit 4-to-1 multiplexer for signal <Ctrl_DRRE$mux0001> created at line 196.
    Found 1-bit 4-to-1 multiplexer for signal <Ctrl_DRRE$mux0002> created at line 345.
    Found 1-bit 4-to-1 multiplexer for signal <Ctrl_extend$mux0001> created at line 196.
    Found 1-bit 4-to-1 multiplexer for signal <Ctrl_extend$mux0002> created at line 345.
    Found 2-bit 4-to-1 multiplexer for signal <Ctrl_IH$mux0001> created at line 196.
    Found 2-bit 4-to-1 multiplexer for signal <Ctrl_IH$mux0002> created at line 345.
    Found 1-bit 4-to-1 multiplexer for signal <Ctrl_imm_ry$mux0001> created at line 196.
    Found 1-bit 4-to-1 multiplexer for signal <Ctrl_imm_ry$mux0002> created at line 345.
    Found 3-bit 4-to-1 multiplexer for signal <Ctrl_immidiate$mux0001> created at line 196.
    Found 3-bit 4-to-1 multiplexer for signal <Ctrl_immidiate$mux0002> created at line 345.
    Found 1-bit 4-to-1 multiplexer for signal <Ctrl_judge$mux0001> created at line 196.
    Found 1-bit 4-to-1 multiplexer for signal <Ctrl_judge$mux0002> created at line 345.
    Found 1-bit 4-to-1 multiplexer for signal <Ctrl_Jump$mux0002> created at line 196.
    Found 1-bit 4-to-1 multiplexer for signal <Ctrl_Jump$mux0003> created at line 345.
    Found 4-bit 4-to-1 multiplexer for signal <Ctrl_op$mux0001> created at line 196.
    Found 4-bit 4-to-1 multiplexer for signal <Ctrl_op$mux0002> created at line 345.
    Found 1-bit 4-to-1 multiplexer for signal <Ctrl_op2$mux0001> created at line 196.
    Found 1-bit 4-to-1 multiplexer for signal <Ctrl_op2$mux0002> created at line 345.
    Found 1-bit 4-to-1 multiplexer for signal <Ctrl_PCMEM$mux0001> created at line 196.
    Found 1-bit 4-to-1 multiplexer for signal <Ctrl_PCMEM$mux0002> created at line 345.
    Found 2-bit 4-to-1 multiplexer for signal <Ctrl_r$mux0002> created at line 196.
    Found 2-bit 4-to-1 multiplexer for signal <Ctrl_r$mux0003> created at line 345.
    Found 2-bit 4-to-1 multiplexer for signal <Ctrl_SP$mux0001> created at line 196.
    Found 2-bit 4-to-1 multiplexer for signal <Ctrl_SP$mux0002> created at line 345.
    Found 1-bit 4-to-1 multiplexer for signal <Ctrl_WB$mux0002> created at line 196.
    Found 1-bit 4-to-1 multiplexer for signal <Ctrl_WB$mux0003> created at line 345.
    Found 1-bit 4-to-1 multiplexer for signal <Ctrl_xy$mux0001> created at line 196.
    Found 1-bit 4-to-1 multiplexer for signal <Ctrl_xy$mux0002> created at line 345.
    Found 11-bit 4-to-1 multiplexer for signal <out_imm$mux0001> created at line 196.
    Found 11-bit 4-to-1 multiplexer for signal <out_imm$mux0002> created at line 345.
    Found 3-bit 4-to-1 multiplexer for signal <out_Rx1$mux0001> created at line 196.
    Found 3-bit 4-to-1 multiplexer for signal <out_Rx1$mux0002> created at line 345.
    Found 3-bit 4-to-1 multiplexer for signal <out_Ry1$mux0001> created at line 196.
    Found 3-bit 4-to-1 multiplexer for signal <out_Ry1$mux0002> created at line 345.
    Found 3-bit 4-to-1 multiplexer for signal <out_Rz$mux0001> created at line 196.
    Found 3-bit 4-to-1 multiplexer for signal <out_Rz$mux0002> created at line 345.
    Summary:
	inferred  61 D-type flip-flop(s).
	inferred  90 Multiplexer(s).
Unit <parseCtrl> synthesized.


Synthesizing Unit <Rxyz_MUX>.
    Related source file is "E:/pipeline-cpu/CPU/PC/Rxyz_MUX.vhd".
WARNING:Xst:737 - Found 3-bit latch for signal <ND>. Latches may be generated from incomplete case or if statements. We do not recommend the use of latches in FPGA/CPLD designs, as they may lead to timing problems.
INFO:Xst:2371 - HDL ADVISOR - Logic functions respectively driving the data and gate enable inputs of this latch share common terms. This situation will potentially lead to setup/hold violations and, as a result, to simulation problems. This situation may come from an incomplete case statement (all selector values are not covered). You should carefully review if it was in your intentions to describe such a latch.
    Found 3-bit 3-to-1 multiplexer for signal <ND$mux0000>.
    Summary:
	inferred   3 Multiplexer(s).
Unit <Rxyz_MUX> synthesized.


Synthesizing Unit <immidiate_mux_extend>.
    Related source file is "E:/pipeline-cpu/CPU/PC/immidiate_mux_extend.vhd".
WARNING:Xst:736 - Found 1-bit latch for signal <real_imm_9$mux0000> created at line 47. Latches may be generated from incomplete case or if statements. We do not recommend the use of latches in FPGA/CPLD designs, as they may lead to timing problems.
INFO:Xst:2371 - HDL ADVISOR - Logic functions respectively driving the data and gate enable inputs of this latch share common terms. This situation will potentially lead to setup/hold violations and, as a result, to simulation problems. This situation may come from an incomplete case statement (all selector values are not covered). You should carefully review if it was in your intentions to describe such a latch.
WARNING:Xst:736 - Found 1-bit latch for signal <real_imm_8$mux0000> created at line 47. Latches may be generated from incomplete case or if statements. We do not recommend the use of latches in FPGA/CPLD designs, as they may lead to timing problems.
INFO:Xst:2371 - HDL ADVISOR - Logic functions respectively driving the data and gate enable inputs of this latch share common terms. This situation will potentially lead to setup/hold violations and, as a result, to simulation problems. This situation may come from an incomplete case statement (all selector values are not covered). You should carefully review if it was in your intentions to describe such a latch.
WARNING:Xst:736 - Found 1-bit latch for signal <real_imm_7$mux0000> created at line 47. Latches may be generated from incomplete case or if statements. We do not recommend the use of latches in FPGA/CPLD designs, as they may lead to timing problems.
INFO:Xst:2371 - HDL ADVISOR - Logic functions respectively driving the data and gate enable inputs of this latch share common terms. This situation will potentially lead to setup/hold violations and, as a result, to simulation problems. This situation may come from an incomplete case statement (all selector values are not covered). You should carefully review if it was in your intentions to describe such a latch.
WARNING:Xst:736 - Found 1-bit latch for signal <real_imm_6$mux0000> created at line 47. Latches may be generated from incomplete case or if statements. We do not recommend the use of latches in FPGA/CPLD designs, as they may lead to timing problems.
INFO:Xst:2371 - HDL ADVISOR - Logic functions respectively driving the data and gate enable inputs of this latch share common terms. This situation will potentially lead to setup/hold violations and, as a result, to simulation problems. This situation may come from an incomplete case statement (all selector values are not covered). You should carefully review if it was in your intentions to describe such a latch.
WARNING:Xst:736 - Found 1-bit latch for signal <real_imm_5$mux0000> created at line 47. Latches may be generated from incomplete case or if statements. We do not recommend the use of latches in FPGA/CPLD designs, as they may lead to timing problems.
INFO:Xst:2371 - HDL ADVISOR - Logic functions respectively driving the data and gate enable inputs of this latch share common terms. This situation will potentially lead to setup/hold violations and, as a result, to simulation problems. This situation may come from an incomplete case statement (all selector values are not covered). You should carefully review if it was in your intentions to describe such a latch.
WARNING:Xst:736 - Found 1-bit latch for signal <real_imm_4$mux0000> created at line 47. Latches may be generated from incomplete case or if statements. We do not recommend the use of latches in FPGA/CPLD designs, as they may lead to timing problems.
INFO:Xst:2371 - HDL ADVISOR - Logic functions respectively driving the data and gate enable inputs of this latch share common terms. This situation will potentially lead to setup/hold violations and, as a result, to simulation problems. This situation may come from an incomplete case statement (all selector values are not covered). You should carefully review if it was in your intentions to describe such a latch.
WARNING:Xst:736 - Found 1-bit latch for signal <real_imm_3$mux0000> created at line 47. Latches may be generated from incomplete case or if statements. We do not recommend the use of latches in FPGA/CPLD designs, as they may lead to timing problems.
INFO:Xst:2371 - HDL ADVISOR - Logic functions respectively driving the data and gate enable inputs of this latch share common terms. This situation will potentially lead to setup/hold violations and, as a result, to simulation problems. This situation may come from an incomplete case statement (all selector values are not covered). You should carefully review if it was in your intentions to describe such a latch.
WARNING:Xst:736 - Found 1-bit latch for signal <real_imm_2$mux0000> created at line 47. Latches may be generated from incomplete case or if statements. We do not recommend the use of latches in FPGA/CPLD designs, as they may lead to timing problems.
INFO:Xst:2371 - HDL ADVISOR - Logic functions respectively driving the data and gate enable inputs of this latch share common terms. This situation will potentially lead to setup/hold violations and, as a result, to simulation problems. This situation may come from an incomplete case statement (all selector values are not covered). You should carefully review if it was in your intentions to describe such a latch.
WARNING:Xst:736 - Found 1-bit latch for signal <real_imm_1$mux0000> created at line 47. Latches may be generated from incomplete case or if statements. We do not recommend the use of latches in FPGA/CPLD designs, as they may lead to timing problems.
INFO:Xst:2371 - HDL ADVISOR - Logic functions respectively driving the data and gate enable inputs of this latch share common terms. This situation will potentially lead to setup/hold violations and, as a result, to simulation problems. This situation may come from an incomplete case statement (all selector values are not covered). You should carefully review if it was in your intentions to describe such a latch.
WARNING:Xst:736 - Found 1-bit latch for signal <real_imm_0$mux0000> created at line 47. Latches may be generated from incomplete case or if statements. We do not recommend the use of latches in FPGA/CPLD designs, as they may lead to timing problems.
INFO:Xst:2371 - HDL ADVISOR - Logic functions respectively driving the data and gate enable inputs of this latch share common terms. This situation will potentially lead to setup/hold violations and, as a result, to simulation problems. This situation may come from an incomplete case statement (all selector values are not covered). You should carefully review if it was in your intentions to describe such a latch.
WARNING:Xst:736 - Found 1-bit latch for signal <real_imm_11$mux0001> created at line 47. Latches may be generated from incomplete case or if statements. We do not recommend the use of latches in FPGA/CPLD designs, as they may lead to timing problems.
INFO:Xst:2371 - HDL ADVISOR - Logic functions respectively driving the data and gate enable inputs of this latch share common terms. This situation will potentially lead to setup/hold violations and, as a result, to simulation problems. This situation may come from an incomplete case statement (all selector values are not covered). You should carefully review if it was in your intentions to describe such a latch.
WARNING:Xst:736 - Found 1-bit latch for signal <real_imm_10$mux0004> created at line 47. Latches may be generated from incomplete case or if statements. We do not recommend the use of latches in FPGA/CPLD designs, as they may lead to timing problems.
INFO:Xst:2371 - HDL ADVISOR - Logic functions respectively driving the data and gate enable inputs of this latch share common terms. This situation will potentially lead to setup/hold violations and, as a result, to simulation problems. This situation may come from an incomplete case statement (all selector values are not covered). You should carefully review if it was in your intentions to describe such a latch.
Unit <immidiate_mux_extend> synthesized.


Synthesizing Unit <Main_Reg>.
    Related source file is "E:/pipeline-cpu/CPU/PC/Main_Reg.vhd".
WARNING:Xst:647 - Input <Result_MEM> is never used. This port will be preserved and left unconnected if it belongs to a top-level block or it belongs to a sub-block and the hierarchy of this sub-block is preserved.
WARNING:Xst:647 - Input <instruction<10:0>> is never used. This port will be preserved and left unconnected if it belongs to a top-level block or it belongs to a sub-block and the hierarchy of this sub-block is preserved.
WARNING:Xst:646 - Signal <g2> is assigned but never used. This unconnected signal will be trimmed during the optimization process.
WARNING:Xst:737 - Found 16-bit latch for signal <IH>. Latches may be generated from incomplete case or if statements. We do not recommend the use of latches in FPGA/CPLD designs, as they may lead to timing problems.
WARNING:Xst:737 - Found 16-bit latch for signal <R0>. Latches may be generated from incomplete case or if statements. We do not recommend the use of latches in FPGA/CPLD designs, as they may lead to timing problems.
WARNING:Xst:737 - Found 16-bit latch for signal <R1>. Latches may be generated from incomplete case or if statements. We do not recommend the use of latches in FPGA/CPLD designs, as they may lead to timing problems.
WARNING:Xst:737 - Found 16-bit latch for signal <R2>. Latches may be generated from incomplete case or if statements. We do not recommend the use of latches in FPGA/CPLD designs, as they may lead to timing problems.
WARNING:Xst:737 - Found 16-bit latch for signal <R3>. Latches may be generated from incomplete case or if statements. We do not recommend the use of latches in FPGA/CPLD designs, as they may lead to timing problems.
WARNING:Xst:737 - Found 16-bit latch for signal <R4>. Latches may be generated from incomplete case or if statements. We do not recommend the use of latches in FPGA/CPLD designs, as they may lead to timing problems.
WARNING:Xst:737 - Found 16-bit latch for signal <R5>. Latches may be generated from incomplete case or if statements. We do not recommend the use of latches in FPGA/CPLD designs, as they may lead to timing problems.
WARNING:Xst:737 - Found 16-bit latch for signal <R6>. Latches may be generated from incomplete case or if statements. We do not recommend the use of latches in FPGA/CPLD designs, as they may lead to timing problems.
WARNING:Xst:737 - Found 16-bit latch for signal <R7>. Latches may be generated from incomplete case or if statements. We do not recommend the use of latches in FPGA/CPLD designs, as they may lead to timing problems.
WARNING:Xst:737 - Found 16-bit latch for signal <SP>. Latches may be generated from incomplete case or if statements. We do not recommend the use of latches in FPGA/CPLD designs, as they may lead to timing problems.
    Found 16-bit comparator equal for signal <c3$cmp_eq0001> created at line 251.
    Found 16-bit comparator equal for signal <c3$cmp_eq0003> created at line 257.
    Found 16-bit comparator less for signal <c3$cmp_lt0000> created at line 271.
    Found 16-bit 8-to-1 multiplexer for signal <g1$mux0002> created at line 97.
    Found 16-bit 8-to-1 multiplexer for signal <g2$mux0002> created at line 131.
    Summary:
	inferred   3 Comparator(s).
	inferred  32 Multiplexer(s).
Unit <Main_Reg> synthesized.


Synthesizing Unit <CPU>.
    Related source file is "E:/pipeline-cpu/CPU/PC/CPU.vhd".
WARNING:Xst:647 - Input <PCin> is never used. This port will be preserved and left unconnected if it belongs to a top-level block or it belongs to a sub-block and the hierarchy of this sub-block is preserved.
WARNING:Xst:646 - Signal <q7> is assigned but never used. This unconnected signal will be trimmed during the optimization process.
WARNING:Xst:646 - Signal <q6> is assigned but never used. This unconnected signal will be trimmed during the optimization process.
WARNING:Xst:646 - Signal <q5> is assigned but never used. This unconnected signal will be trimmed during the optimization process.
WARNING:Xst:646 - Signal <q4> is assigned but never used. This unconnected signal will be trimmed during the optimization process.
WARNING:Xst:646 - Signal <q3> is assigned but never used. This unconnected signal will be trimmed during the optimization process.
WARNING:Xst:646 - Signal <p9> is assigned but never used. This unconnected signal will be trimmed during the optimization process.
WARNING:Xst:646 - Signal <p8> is assigned but never used. This unconnected signal will be trimmed during the optimization process.
WARNING:Xst:646 - Signal <p7> is assigned but never used. This unconnected signal will be trimmed during the optimization process.
WARNING:Xst:646 - Signal <p28> is assigned but never used. This unconnected signal will be trimmed during the optimization process.
WARNING:Xst:646 - Signal <p26> is assigned but never used. This unconnected signal will be trimmed during the optimization process.
WARNING:Xst:646 - Signal <p25> is assigned but never used. This unconnected signal will be trimmed during the optimization process.
WARNING:Xst:646 - Signal <p24> is assigned but never used. This unconnected signal will be trimmed during the optimization process.
WARNING:Xst:646 - Signal <p23> is assigned but never used. This unconnected signal will be trimmed during the optimization process.
WARNING:Xst:646 - Signal <p22> is assigned but never used. This unconnected signal will be trimmed during the optimization process.
WARNING:Xst:646 - Signal <p21> is assigned but never used. This unconnected signal will be trimmed during the optimization process.
WARNING:Xst:646 - Signal <p20> is assigned but never used. This unconnected signal will be trimmed during the optimization process.
WARNING:Xst:646 - Signal <p19> is assigned but never used. This unconnected signal will be trimmed during the optimization process.
Unit <CPU> synthesized.


=========================================================================
HDL Synthesis Report

Macro Statistics
# Adders/Subtractors                                   : 1
 16-bit adder                                          : 1
# Registers                                            : 22
 1-bit register                                        : 10
 11-bit register                                       : 1
 16-bit register                                       : 2
 2-bit register                                        : 4
 3-bit register                                        : 4
 4-bit register                                        : 1
# Latches                                              : 24
 1-bit latch                                           : 12
 16-bit latch                                          : 11
 3-bit latch                                           : 1
# Comparators                                          : 3
 16-bit comparator equal                               : 2
 16-bit comparator less                                : 1
# Multiplexers                                         : 43
 1-bit 4-to-1 multiplexer                              : 20
 11-bit 4-to-1 multiplexer                             : 2
 16-bit 8-to-1 multiplexer                             : 2
 2-bit 4-to-1 multiplexer                              : 8
 3-bit 3-to-1 multiplexer                              : 1
 3-bit 4-to-1 multiplexer                              : 8
 4-bit 4-to-1 multiplexer                              : 2

=========================================================================

=========================================================================
*                       Advanced HDL Synthesis                          *
=========================================================================

WARNING:Xst:1290 - Hierarchical block <u1> is unconnected in block <CPU>.
   It will be removed from the design.
WARNING:Xst:1290 - Hierarchical block <u2> is unconnected in block <CPU>.
   It will be removed from the design.
WARNING:Xst:1290 - Hierarchical block <u3> is unconnected in block <CPU>.
   It will be removed from the design.
WARNING:Xst:1290 - Hierarchical block <u4> is unconnected in block <CPU>.
   It will be removed from the design.
WARNING:Xst:1290 - Hierarchical block <u6> is unconnected in block <CPU>.
   It will be removed from the design.
WARNING:Xst:1290 - Hierarchical block <u7> is unconnected in block <CPU>.
   It will be removed from the design.
WARNING:Xst:1290 - Hierarchical block <u8> is unconnected in block <CPU>.
   It will be removed from the design.
WARNING:Xst:1290 - Hierarchical block <u9> is unconnected in block <CPU>.
   It will be removed from the design.

=========================================================================
Advanced HDL Synthesis Report

Macro Statistics
# Adders/Subtractors                                   : 1
 16-bit adder                                          : 1
# Registers                                            : 77
 Flip-Flops                                            : 77
# Latches                                              : 24
 1-bit latch                                           : 12
 16-bit latch                                          : 11
 3-bit latch                                           : 1
# Comparators                                          : 3
 16-bit comparator equal                               : 2
 16-bit comparator less                                : 1
# Multiplexers                                         : 43
 1-bit 4-to-1 multiplexer                              : 20
 11-bit 4-to-1 multiplexer                             : 2
 16-bit 8-to-1 multiplexer                             : 2
 2-bit 4-to-1 multiplexer                              : 8
 3-bit 3-to-1 multiplexer                              : 1
 3-bit 4-to-1 multiplexer                              : 8
 4-bit 4-to-1 multiplexer                              : 2

=========================================================================

=========================================================================
*                         Low Level Synthesis                           *
=========================================================================
INFO:Xst:2261 - The FF/Latch <15> in Unit <LPM_LATCH_1> is equivalent to the following 15 FFs/Latches, which will be removed : <14> <13> <12> <11> <10> <9> <8> <7> <6> <5> <4> <3> <2> <1> <0> 
INFO:Xst:2261 - The FF/Latch <R7_7> in Unit <Main_Reg> is equivalent to the following 7 FFs/Latches, which will be removed : <R6_6> <R5_5> <R4_4> <R3_3> <R2_2> <R1_1> <R0_0> 
INFO:Xst:2261 - The FF/Latch <R7_0> in Unit <Main_Reg> is equivalent to the following 135 FFs/Latches, which will be removed : <R7_1> <R7_2> <R7_3> <R7_4> <R7_5> <R7_6> <R7_8> <R7_9> <R7_10> <R7_11> <R7_12> <R7_13> <R7_14> <R7_15> <R6_0> <R6_1> <R6_2> <R6_3> <R6_4> <R6_5> <R6_7> <R6_8> <R6_9> <R6_10> <R6_11> <R6_12> <R6_13> <R6_14> <R6_15> <R5_0> <R5_1> <R5_2> <R5_3> <R5_4> <R5_6> <R5_7> <R5_8> <R5_9> <R5_10> <R5_11> <R5_12> <R5_13> <R5_14> <R5_15> <R4_0> <R4_1> <R4_2> <R4_3> <R4_5> <R4_6> <R4_7> <R4_8> <R4_9> <R4_10> <R4_11> <R4_12> <R4_13> <R4_14> <R4_15> <R3_0> <R3_1> <R3_2> <R3_4> <R3_5> <R3_6> <R3_7> <R3_8> <R3_9> <R3_10> <R3_11> <R3_12> <R3_13> <R3_14> <R3_15> <R2_0> <R2_1> <R2_3> <R2_4> <R2_5> <R2_6> <R2_7> <R2_8> <R2_9> <R2_10> <R2_11> <R2_12> <R2_13> <R2_14> <R2_15> <R1_0> <R1_2> <R1_3> <R1_4> <R1_5> <R1_6> <R1_7> <R1_8> <R1_9> <R1_10> <R1_11> <R1_12> <R1_13> <R1_14> <R1_15> <R0_1> <R0_2> <R0_3> <R0_4> <R0_5> <R0_6> <R0_7> <R0_8> <R0_9> <R0_10> <R0_11> <R0_12> <R0_13> <R0_14> <R0_15> <IH_0> <IH_1>
   <IH_2> <IH_3> <IH_4> <IH_5> <IH_6> <IH_7> <IH_8> <IH_9> <IH_10> <IH_11> <IH_12> <IH_13> <IH_14> <IH_15> 
WARNING:Xst:1293 - FF/Latch <15> has a constant value of 0 in block <LPM_LATCH_1>. This FF/Latch will be trimmed during the optimization process.
WARNING:Xst:1710 - FF/Latch <R7_0> (without init value) has a constant value of 0 in block <Main_Reg>. This FF/Latch will be trimmed during the optimization process.
WARNING:Xst:1895 - Due to other FF/Latch trimming, FF/Latch <R7_7> (without init value) has a constant value of 1 in block <Main_Reg>. This FF/Latch will be trimmed during the optimization process.
WARNING:Xst:2170 - Unit Main_Reg : the following signal(s) form a combinatorial loop: Reg1<0>.
WARNING:Xst:2170 - Unit Main_Reg : the following signal(s) form a combinatorial loop: Reg1<2>.
WARNING:Xst:2170 - Unit Main_Reg : the following signal(s) form a combinatorial loop: Reg1<4>.
WARNING:Xst:2170 - Unit Main_Reg : the following signal(s) form a combinatorial loop: Reg1<8>.
WARNING:Xst:2170 - Unit Main_Reg : the following signal(s) form a combinatorial loop: Reg1<12>.
WARNING:Xst:2170 - Unit Main_Reg : the following signal(s) form a combinatorial loop: RegND<0>.
WARNING:Xst:2170 - Unit Main_Reg : the following signal(s) form a combinatorial loop: RegND<2>.
WARNING:Xst:2170 - Unit Main_Reg : the following signal(s) form a combinatorial loop: Reg1<7>.
WARNING:Xst:2170 - Unit Main_Reg : the following signal(s) form a combinatorial loop: Reg1<11>.
WARNING:Xst:2170 - Unit Main_Reg : the following signal(s) form a combinatorial loop: Reg1<15>.
WARNING:Xst:2170 - Unit Main_Reg : the following signal(s) form a combinatorial loop: c1.
WARNING:Xst:2170 - Unit Main_Reg : the following signal(s) form a combinatorial loop: T.
WARNING:Xst:2170 - Unit Main_Reg : the following signal(s) form a combinatorial loop: Reg1<1>.
WARNING:Xst:2170 - Unit Main_Reg : the following signal(s) form a combinatorial loop: Reg1<3>.
WARNING:Xst:2170 - Unit Main_Reg : the following signal(s) form a combinatorial loop: Reg1<6>.
WARNING:Xst:2170 - Unit Main_Reg : the following signal(s) form a combinatorial loop: Reg1<10>.
WARNING:Xst:2170 - Unit Main_Reg : the following signal(s) form a combinatorial loop: Reg1<14>.
WARNING:Xst:2170 - Unit Main_Reg : the following signal(s) form a combinatorial loop: RegND<1>.
WARNING:Xst:2170 - Unit Main_Reg : the following signal(s) form a combinatorial loop: RegND<3>.
WARNING:Xst:2170 - Unit Main_Reg : the following signal(s) form a combinatorial loop: Reg1<5>.
WARNING:Xst:2170 - Unit Main_Reg : the following signal(s) form a combinatorial loop: Reg1<9>.
WARNING:Xst:2170 - Unit Main_Reg : the following signal(s) form a combinatorial loop: Reg1<13>.

Optimizing unit <CPU> ...

Optimizing unit <PC> ...

Optimizing unit <parseCtrl> ...

Optimizing unit <immidiate_mux_extend> ...

Optimizing unit <Main_Reg> ...
WARNING:Xst:2677 - Node <u7/ND_2> of sequential type is unconnected in block <CPU>.
WARNING:Xst:2677 - Node <u7/ND_1> of sequential type is unconnected in block <CPU>.
WARNING:Xst:2677 - Node <u7/ND_0> of sequential type is unconnected in block <CPU>.
WARNING:Xst:2677 - Node <u1/var_PC_15> of sequential type is unconnected in block <CPU>.
WARNING:Xst:2677 - Node <u1/var_PC_14> of sequential type is unconnected in block <CPU>.
WARNING:Xst:2677 - Node <u1/var_PC_13> of sequential type is unconnected in block <CPU>.
WARNING:Xst:2677 - Node <u1/var_PC_12> of sequential type is unconnected in block <CPU>.
WARNING:Xst:2677 - Node <u1/var_PC_11> of sequential type is unconnected in block <CPU>.
WARNING:Xst:2677 - Node <u1/var_PC_10> of sequential type is unconnected in block <CPU>.
WARNING:Xst:2677 - Node <u1/var_PC_9> of sequential type is unconnected in block <CPU>.
WARNING:Xst:2677 - Node <u1/var_PC_8> of sequential type is unconnected in block <CPU>.
WARNING:Xst:2677 - Node <u1/var_PC_7> of sequential type is unconnected in block <CPU>.
WARNING:Xst:2677 - Node <u1/var_PC_6> of sequential type is unconnected in block <CPU>.
WARNING:Xst:2677 - Node <u1/var_PC_5> of sequential type is unconnected in block <CPU>.
WARNING:Xst:2677 - Node <u1/var_PC_4> of sequential type is unconnected in block <CPU>.
WARNING:Xst:2677 - Node <u1/var_PC_3> of sequential type is unconnected in block <CPU>.
WARNING:Xst:2677 - Node <u1/var_PC_2> of sequential type is unconnected in block <CPU>.
WARNING:Xst:2677 - Node <u1/var_PC_1> of sequential type is unconnected in block <CPU>.
WARNING:Xst:2677 - Node <u1/var_PC_0> of sequential type is unconnected in block <CPU>.
WARNING:Xst:2677 - Node <u6/out_imm_10> of sequential type is unconnected in block <CPU>.
WARNING:Xst:2677 - Node <u6/out_imm_9> of sequential type is unconnected in block <CPU>.
WARNING:Xst:2677 - Node <u6/out_imm_8> of sequential type is unconnected in block <CPU>.
WARNING:Xst:2677 - Node <u6/out_imm_7> of sequential type is unconnected in block <CPU>.
WARNING:Xst:2677 - Node <u6/out_imm_6> of sequential type is unconnected in block <CPU>.
WARNING:Xst:2677 - Node <u6/out_imm_5> of sequential type is unconnected in block <CPU>.
WARNING:Xst:2677 - Node <u6/out_imm_4> of sequential type is unconnected in block <CPU>.
WARNING:Xst:2677 - Node <u6/out_imm_3> of sequential type is unconnected in block <CPU>.
WARNING:Xst:2677 - Node <u6/out_imm_2> of sequential type is unconnected in block <CPU>.
WARNING:Xst:2677 - Node <u6/out_imm_1> of sequential type is unconnected in block <CPU>.
WARNING:Xst:2677 - Node <u6/out_imm_0> of sequential type is unconnected in block <CPU>.
WARNING:Xst:2677 - Node <u6/out_Rx1_2> of sequential type is unconnected in block <CPU>.
WARNING:Xst:2677 - Node <u6/out_Rx1_1> of sequential type is unconnected in block <CPU>.
WARNING:Xst:2677 - Node <u6/out_Rx1_0> of sequential type is unconnected in block <CPU>.
WARNING:Xst:2677 - Node <u6/Ctrl_op2> of sequential type is unconnected in block <CPU>.
WARNING:Xst:2677 - Node <u6/Ctrl_judge> of sequential type is unconnected in block <CPU>.
WARNING:Xst:2677 - Node <u6/Ctrl_Jump> of sequential type is unconnected in block <CPU>.
WARNING:Xst:2677 - Node <u6/Ctrl_xy> of sequential type is unconnected in block <CPU>.
WARNING:Xst:2677 - Node <u6/Ctrl_immidiate_2> of sequential type is unconnected in block <CPU>.
WARNING:Xst:2677 - Node <u6/Ctrl_immidiate_1> of sequential type is unconnected in block <CPU>.
WARNING:Xst:2677 - Node <u6/Ctrl_immidiate_0> of sequential type is unconnected in block <CPU>.
WARNING:Xst:2677 - Node <u6/Ctrl_WB> of sequential type is unconnected in block <CPU>.
WARNING:Xst:2677 - Node <u6/Ctrl_SP_1> of sequential type is unconnected in block <CPU>.
WARNING:Xst:2677 - Node <u6/Ctrl_SP_0> of sequential type is unconnected in block <CPU>.
WARNING:Xst:2677 - Node <u6/Ctrl_PCMEM> of sequential type is unconnected in block <CPU>.
WARNING:Xst:2677 - Node <u6/Ctrl_r_1> of sequential type is unconnected in block <CPU>.
WARNING:Xst:2677 - Node <u6/Ctrl_r_0> of sequential type is unconnected in block <CPU>.
WARNING:Xst:2677 - Node <u6/out_Rz_2> of sequential type is unconnected in block <CPU>.
WARNING:Xst:2677 - Node <u6/out_Rz_1> of sequential type is unconnected in block <CPU>.
WARNING:Xst:2677 - Node <u6/out_Rz_0> of sequential type is unconnected in block <CPU>.
WARNING:Xst:2677 - Node <u6/Ctrl_imm_ry> of sequential type is unconnected in block <CPU>.
WARNING:Xst:2677 - Node <u6/Ctrl_op_3> of sequential type is unconnected in block <CPU>.
WARNING:Xst:2677 - Node <u6/Ctrl_op_2> of sequential type is unconnected in block <CPU>.
WARNING:Xst:2677 - Node <u6/Ctrl_op_1> of sequential type is unconnected in block <CPU>.
WARNING:Xst:2677 - Node <u6/Ctrl_op_0> of sequential type is unconnected in block <CPU>.
WARNING:Xst:2677 - Node <u6/Ctrl_extend> of sequential type is unconnected in block <CPU>.
WARNING:Xst:2677 - Node <u6/Ctrl_DRRE> of sequential type is unconnected in block <CPU>.
WARNING:Xst:2677 - Node <u6/Ctrl_b> of sequential type is unconnected in block <CPU>.
WARNING:Xst:2677 - Node <u6/out_instruction_15> of sequential type is unconnected in block <CPU>.
WARNING:Xst:2677 - Node <u6/out_instruction_14> of sequential type is unconnected in block <CPU>.
WARNING:Xst:2677 - Node <u6/out_instruction_13> of sequential type is unconnected in block <CPU>.
WARNING:Xst:2677 - Node <u6/out_instruction_12> of sequential type is unconnected in block <CPU>.
WARNING:Xst:2677 - Node <u6/out_instruction_11> of sequential type is unconnected in block <CPU>.
WARNING:Xst:2677 - Node <u6/out_instruction_10> of sequential type is unconnected in block <CPU>.
WARNING:Xst:2677 - Node <u6/out_instruction_9> of sequential type is unconnected in block <CPU>.
WARNING:Xst:2677 - Node <u6/out_instruction_8> of sequential type is unconnected in block <CPU>.
WARNING:Xst:2677 - Node <u6/out_instruction_7> of sequential type is unconnected in block <CPU>.
WARNING:Xst:2677 - Node <u6/out_instruction_6> of sequential type is unconnected in block <CPU>.
WARNING:Xst:2677 - Node <u6/out_instruction_5> of sequential type is unconnected in block <CPU>.
WARNING:Xst:2677 - Node <u6/out_instruction_4> of sequential type is unconnected in block <CPU>.
WARNING:Xst:2677 - Node <u6/out_instruction_3> of sequential type is unconnected in block <CPU>.
WARNING:Xst:2677 - Node <u6/out_instruction_2> of sequential type is unconnected in block <CPU>.
WARNING:Xst:2677 - Node <u6/out_instruction_1> of sequential type is unconnected in block <CPU>.
WARNING:Xst:2677 - Node <u6/out_instruction_0> of sequential type is unconnected in block <CPU>.
WARNING:Xst:2677 - Node <u6/Ctrl_IH_1> of sequential type is unconnected in block <CPU>.
WARNING:Xst:2677 - Node <u6/Ctrl_IH_0> of sequential type is unconnected in block <CPU>.
WARNING:Xst:2677 - Node <u6/Ctrl_addr_1> of sequential type is unconnected in block <CPU>.
WARNING:Xst:2677 - Node <u6/Ctrl_addr_0> of sequential type is unconnected in block <CPU>.
WARNING:Xst:2677 - Node <u6/out_Ry1_2> of sequential type is unconnected in block <CPU>.
WARNING:Xst:2677 - Node <u6/out_Ry1_1> of sequential type is unconnected in block <CPU>.
WARNING:Xst:2677 - Node <u6/out_Ry1_0> of sequential type is unconnected in block <CPU>.
WARNING:Xst:2677 - Node <u8/real_imm_9_mux0000> of sequential type is unconnected in block <CPU>.
WARNING:Xst:2677 - Node <u8/real_imm_8_mux0000> of sequential type is unconnected in block <CPU>.
WARNING:Xst:2677 - Node <u8/real_imm_7_mux0000> of sequential type is unconnected in block <CPU>.
WARNING:Xst:2677 - Node <u8/real_imm_6_mux0000> of sequential type is unconnected in block <CPU>.
WARNING:Xst:2677 - Node <u8/real_imm_5_mux0000> of sequential type is unconnected in block <CPU>.
WARNING:Xst:2677 - Node <u8/real_imm_4_mux0000> of sequential type is unconnected in block <CPU>.
WARNING:Xst:2677 - Node <u8/real_imm_3_mux0000> of sequential type is unconnected in block <CPU>.
WARNING:Xst:2677 - Node <u8/real_imm_2_mux0000> of sequential type is unconnected in block <CPU>.
WARNING:Xst:2677 - Node <u8/real_imm_1_mux0000> of sequential type is unconnected in block <CPU>.
WARNING:Xst:2677 - Node <u8/real_imm_0_mux0000> of sequential type is unconnected in block <CPU>.
WARNING:Xst:2677 - Node <u8/real_imm_11_mux0001> of sequential type is unconnected in block <CPU>.
WARNING:Xst:2677 - Node <u8/real_imm_10_mux0004> of sequential type is unconnected in block <CPU>.

Mapping all equations...
Building and optimizing final netlist ...
Found area constraint ratio of 100 (+ 5) on block CPU, actual ratio is 0.

Final Macro Processing ...

=========================================================================
Final Register Report

Found no macro
=========================================================================

=========================================================================
*                           Partition Report                            *
=========================================================================

Partition Implementation Status
-------------------------------

  No Partitions were found in this design.

-------------------------------

=========================================================================
*                            Final Report                               *
=========================================================================
Final Results
RTL Top Level Output File Name     : CPU.ngr
Top Level Output File Name         : CPU
Output Format                      : NGC
Optimization Goal                  : Speed
Keep Hierarchy                     : No

Design Statistics
# IOs                              : 34

Cell Usage :
# BELS                             : 1
#      GND                         : 1
# IO Buffers                       : 17
#      IBUF                        : 1
#      OBUF                        : 16
=========================================================================

Device utilization summary:
---------------------------

Selected Device : 3s1200efg320-4 

 Number of Slices:                        0  out of   8672     0%  
 Number of IOs:                          34
 Number of bonded IOBs:                  17  out of    250     6%  

---------------------------
Partition Resource Summary:
---------------------------

  No Partitions were found in this design.

---------------------------


=========================================================================
TIMING REPORT

NOTE: THESE TIMING NUMBERS ARE ONLY A SYNTHESIS ESTIMATE.
      FOR ACCURATE TIMING INFORMATION PLEASE REFER TO THE TRACE REPORT
      GENERATED AFTER PLACE-and-ROUTE.

Clock Information:
------------------
No clock signals found in this design

Asynchronous Control Signals Information:
----------------------------------------
No asynchronous control signals found in this design

Timing Summary:
---------------
Speed Grade: -4

   Minimum period: No path found
   Minimum input arrival time before clock: No path found
   Maximum output required time after clock: No path found
   Maximum combinational path delay: 5.159ns

Timing Detail:
--------------
All values displayed in nanoseconds (ns)

=========================================================================
Timing constraint: Default path analysis
  Total number of paths / destination ports: 6 / 6
-------------------------------------------------------------------------
Delay:               5.159ns (Levels of Logic = 2)
  Source:            rst (PAD)
  Destination:       PCout<14> (PAD)

  Data Path: rst to PCout<14>
                                Gate     Net
    Cell:in->out      fanout   Delay   Delay  Logical Name (Net Name)
    ----------------------------------------  ------------
     IBUF:I->O             6   1.218   0.669  rst_IBUF (rst_IBUF)
     OBUF:I->O                 3.272          PCout_14_OBUF (PCout<14>)
    ----------------------------------------
    Total                      5.159ns (4.490ns logic, 0.669ns route)
                                       (87.0% logic, 13.0% route)

=========================================================================


Total REAL time to Xst completion: 9.00 secs
Total CPU time to Xst completion: 9.08 secs
 
--> 

Total memory usage is 265808 kilobytes

Number of errors   :    0 (   0 filtered)
Number of warnings :  179 (   0 filtered)
Number of infos    :   18 (   0 filtered)

