ISim log file
Running: G:\cpu\pipeline-cpu\CPU\PC\testCPU_isim_beh.exe -intstyle ise -gui -tclbatch isim.cmd -wdb G:/cpu/pipeline-cpu/CPU/PC/testCPU_isim_beh.wdb 
ISim O.76xd (signature 0xc3576ebc)
----------------------------------------------------------------------
WARNING:Security:42 - Your license support version '2016.12' for ISIM expires in 30 days after which you will not qualify for Xilinx software updates or new releases.


----------------------------------------------------------------------
This is a Full version of ISim.
Time resolution is 1 ps
# onerror resume
# wave add /
# run 1000 ns
Simulator is doing circuit initialization process.
at 0 ps, Instance /testcpu/uut/u2/ : Warning: There is an 'U'|'X'|'W'|'Z'|'-' in an arithmetic operand, the result will be 'X'(es).
Finished circuit initialization process.
ISim O.76xd (signature 0xc3576ebc)
----------------------------------------------------------------------
WARNING:Security:42 - Your license support version '2016.12' for ISIM expires in 30 days after which you will not qualify for Xilinx software updates or new releases.


----------------------------------------------------------------------
This is a Full version of ISim.
# run 1000 ns
Simulator is doing circuit initialization process.
at 0 ps, Instance /testcpu/uut/u2/ : Warning: There is an 'U'|'X'|'W'|'Z'|'-' in an arithmetic operand, the result will be 'X'(es).
Finished circuit initialization process.
