Release 13.3 - ngc2edif O.76xd (nt64)
Copyright (c) 1995-2011 Xilinx, Inc.  All rights reserved.
Reading design testSRAM.ngc ...
WARNING:NetListWriters:298 - No output is written to testSRAM.xncf, ignored.
Processing design ...
   Preping design's networks ...
   Preping design's macros ...
  finished :Prep
Writing EDIF netlist file testSRAM.edif ...
ngc2edif: Total memory usage is 77340 kilobytes

Release 13.3 - ngc2edif O.76xd (nt64)
Copyright (c) 1995-2011 Xilinx, Inc.  All rights reserved.
Reading design CPU.ngc ...
WARNING:NetListWriters:298 - No output is written to CPU.xncf, ignored.
Processing design ...
   Preping design's networks ...
   Preping design's macros ...
  finished :Prep
Writing EDIF netlist file CPU.edif ...
ngc2edif: Total memory usage is 95472 kilobytes

Release 13.3 - ngc2edif O.76xd (nt64)
Copyright (c) 1995-2011 Xilinx, Inc.  All rights reserved.
Reading design CPU.ngc ...
WARNING:NetListWriters:298 - No output is written to CPU.xncf, ignored.
Processing design ...
   Preping design's networks ...
   Preping design's macros ...
  finished :Prep
Writing EDIF netlist file CPU.edif ...
ngc2edif: Total memory usage is 95472 kilobytes

Release 13.3 - ngc2edif O.76xd (nt64)
Copyright (c) 1995-2011 Xilinx, Inc.  All rights reserved.
Reading design CPU.ngc ...
WARNING:NetListWriters:298 - No output is written to CPU.xncf, ignored.
Processing design ...
   Preping design's networks ...
   Preping design's macros ...
  finished :Prep
Writing EDIF netlist file CPU.edif ...
ngc2edif: Total memory usage is 95472 kilobytes

Release 13.3 - ngc2edif O.76xd (nt64)
Copyright (c) 1995-2011 Xilinx, Inc.  All rights reserved.
Reading design CPU.ngc ...
WARNING:NetListWriters:298 - No output is written to CPU.xncf, ignored.
Processing design ...
   Preping design's networks ...
   Preping design's macros ...
  finished :Prep
Writing EDIF netlist file CPU.edif ...
ngc2edif: Total memory usage is 94448 kilobytes

Release 13.3 - ngc2edif O.76xd (nt64)
Copyright (c) 1995-2011 Xilinx, Inc.  All rights reserved.
Reading design CPU.ngc ...
WARNING:NetListWriters:298 - No output is written to CPU.xncf, ignored.
Processing design ...
   Preping design's networks ...
   Preping design's macros ...
  finished :Prep
Writing EDIF netlist file CPU.edif ...
ngc2edif: Total memory usage is 95472 kilobytes

Release 13.3 - ngc2edif O.76xd (nt64)
Copyright (c) 1995-2011 Xilinx, Inc.  All rights reserved.
Reading design CPU.ngc ...
WARNING:NetListWriters:298 - No output is written to CPU.xncf, ignored.
Processing design ...
   Preping design's networks ...
   Preping design's macros ...
  finished :Prep
Writing EDIF netlist file CPU.edif ...
ngc2edif: Total memory usage is 95472 kilobytes

Release 13.3 - ngc2edif O.76xd (nt64)
Copyright (c) 1995-2011 Xilinx, Inc.  All rights reserved.
Reading design CPU.ngc ...
WARNING:NetListWriters:298 - No output is written to CPU.xncf, ignored.
Processing design ...
   Preping design's networks ...
   Preping design's macros ...
  finished :Prep
Writing EDIF netlist file CPU.edif ...
ngc2edif: Total memory usage is 95472 kilobytes

Release 13.3 - ngc2edif O.76xd (nt64)
Copyright (c) 1995-2011 Xilinx, Inc.  All rights reserved.
Reading design CPU.ngc ...
WARNING:NetListWriters:298 - No output is written to CPU.xncf, ignored.
Processing design ...
   Preping design's networks ...
   Preping design's macros ...
  finished :Prep
Writing EDIF netlist file CPU.edif ...
ngc2edif: Total memory usage is 95472 kilobytes

Release 13.3 - ngc2edif O.76xd (nt64)
Copyright (c) 1995-2011 Xilinx, Inc.  All rights reserved.
Reading design TestMemoryUnit2.ngc ...
WARNING:NetListWriters:298 - No output is written to TestMemoryUnit2.xncf,
   ignored.
Processing design ...
   Preping design's networks ...
   Preping design's macros ...
  finished :Prep
Writing EDIF netlist file TestMemoryUnit2.edif ...
ngc2edif: Total memory usage is 83184 kilobytes

Release 13.3 - ngc2edif O.76xd (nt64)
Copyright (c) 1995-2011 Xilinx, Inc.  All rights reserved.
Reading design CPU.ngc ...
WARNING:NetListWriters:298 - No output is written to CPU.xncf, ignored.
Processing design ...
   Preping design's networks ...
   Preping design's macros ...
WARNING:NetListWriters:306 - Signal bus u6/out_instruction_2<15 : 0> on block
   CPU is not reconstructed, because there are some missing bus signals.
WARNING:NetListWriters:306 - Signal bus u6/out_instruction_2_mux0002<15 : 0> on
   block CPU is not reconstructed, because there are some missing bus signals.
  finished :Prep
Writing EDIF netlist file CPU.edif ...
ngc2edif: Total memory usage is 95472 kilobytes

